<?xml version="1.0" encoding="UTF-8"?>
<!-- Generated by org.testng.reporters.JUnitReportReporter -->
<testsuite skipped="1" hostname="DESKTOP-CSFF3JV" name="com.ActTIme.Test.TC03" tests="1" failures="0" timestamp="26 Jul 2019 11:52:35 GMT" time="0.000" errors="0">
  <testcase name="Verifyversion" time="0.000" classname="com.ActTIme.Test.TC03">
    <skipped/>
  </testcase> <!-- Verifyversion -->
</testsuite> <!-- com.ActTIme.Test.TC03 -->
