<?xml version="1.0" encoding="UTF-8"?>
<!-- Generated by org.testng.reporters.JUnitReportReporter -->
<testsuite skipped="0" hostname="DESKTOP-CSFF3JV" name="com.ActTIme.Test.TC04" tests="1" failures="0" timestamp="25 Jul 2019 05:43:27 GMT" time="39.747" errors="0">
  <testcase name="ValidLoginLogout" time="39.747" classname="com.ActTIme.Test.TC04"/>
</testsuite> <!-- com.ActTIme.Test.TC04 -->
